[debug] [2025-09-08T21:27:09.778Z] ----------------------------------------------------------------------
[debug] [2025-09-08T21:27:09.781Z] Command:       C:\Program Files\nodejs\node.exe C:\Users\lab_services_student\AppData\Roaming\npm\node_modules\firebase-tools\lib\bin\firebase.js emulators:start --only functions
[debug] [2025-09-08T21:27:09.782Z] CLI Version:   14.15.2
[debug] [2025-09-08T21:27:09.782Z] Platform:      win32
[debug] [2025-09-08T21:27:09.782Z] Node Version:  v23.6.1
[debug] [2025-09-08T21:27:09.783Z] Time:          Mon Sep 08 2025 23:27:09 GMT+0200 (South Africa Standard Time)
[debug] [2025-09-08T21:27:09.783Z] ----------------------------------------------------------------------
[debug] 
[debug] [2025-09-08T21:27:10.108Z] > command requires scopes: ["email","openid","https://www.googleapis.com/auth/cloudplatformprojects.readonly","https://www.googleapis.com/auth/firebase","https://www.googleapis.com/auth/cloud-platform"]
[debug] [2025-09-08T21:27:10.109Z] > authorizing via signed-in user (nreaobaka@gmail.com)
[info] i  emulators: Starting emulators: functions {"metadata":{"emulator":{"name":"hub"},"message":"Starting emulators: functions"}}
[warn] !  hub: emulator hub unable to start on port 4400, starting on 4401 instead. {"metadata":{"emulator":{"name":"hub"},"message":"emulator hub unable to start on port 4400, starting on 4401 instead."}}
[warn] !  ui: Emulator UI unable to start on port 4000, starting on 4001 instead. {"metadata":{"emulator":{"name":"ui"},"message":"Emulator UI unable to start on port 4000, starting on 4001 instead."}}
[warn] !  logging: Logging Emulator unable to start on port 4500, starting on 4501 instead. {"metadata":{"emulator":{"name":"logging"},"message":"Logging Emulator unable to start on port 4500, starting on 4501 instead."}}
[debug] [2025-09-08T21:27:10.156Z] [logging] Logging Emulator only supports listening on one address (127.0.0.1). Not listening on ::1
[debug] [2025-09-08T21:27:10.156Z] assigned listening specs for emulators {"user":{"hub":[{"address":"127.0.0.1","family":"IPv4","port":4401},{"address":"::1","family":"IPv6","port":4401}],"ui":[{"address":"127.0.0.1","family":"IPv4","port":4001},{"address":"::1","family":"IPv6","port":4001}],"logging":[{"address":"127.0.0.1","family":"IPv4","port":4501}]},"metadata":{"message":"assigned listening specs for emulators"}}
[debug] [2025-09-08T21:27:10.171Z] [hub] writing locator at C:\Users\LAB_SE~1\AppData\Local\Temp\hub-progapi-33199.json
[debug] [2025-09-08T21:27:10.257Z] [functions] Functions Emulator only supports listening on one address (127.0.0.1). Not listening on ::1
[debug] [2025-09-08T21:27:10.258Z] [eventarc] Eventarc Emulator only supports listening on one address (127.0.0.1). Not listening on ::1
[debug] [2025-09-08T21:27:10.258Z] [tasks] Cloud Tasks Emulator only supports listening on one address (127.0.0.1). Not listening on ::1
[debug] [2025-09-08T21:27:10.258Z] late-assigned ports for functions and eventarc emulators {"user":{"hub":[{"address":"127.0.0.1","family":"IPv4","port":4401},{"address":"::1","family":"IPv6","port":4401}],"ui":[{"address":"127.0.0.1","family":"IPv4","port":4001},{"address":"::1","family":"IPv6","port":4001}],"logging":[{"address":"127.0.0.1","family":"IPv4","port":4501}],"functions":[{"address":"127.0.0.1","family":"IPv4","port":5001}],"eventarc":[{"address":"127.0.0.1","family":"IPv4","port":9299}],"tasks":[{"address":"127.0.0.1","family":"IPv4","port":9499}]},"metadata":{"message":"late-assigned ports for functions and eventarc emulators"}}
[warn] !  functions: The following emulators are not running, calls to these services from the Functions emulator will affect production: apphosting, auth, firestore, database, hosting, pubsub, storage, dataconnect {"metadata":{"emulator":{"name":"functions"},"message":"The following emulators are not running, calls to these services from the Functions emulator will affect production: \u001b[1mapphosting, auth, firestore, database, hosting, pubsub, storage, dataconnect\u001b[22m"}}
[debug] [2025-09-08T21:27:10.288Z] defaultcredentials: writing to file C:\Users\lab_services_student\AppData\Roaming\firebase\nreaobaka_gmail_com_application_default_credentials.json
[debug] [2025-09-08T21:27:10.290Z] Setting GAC to C:\Users\lab_services_student\AppData\Roaming\firebase\nreaobaka_gmail_com_application_default_credentials.json {"metadata":{"emulator":{"name":"functions"},"message":"Setting GAC to C:\\Users\\lab_services_student\\AppData\\Roaming\\firebase\\nreaobaka_gmail_com_application_default_credentials.json"}}
[debug] [2025-09-08T21:27:10.292Z] Checked if tokens are valid: true, expires at: 1757368334267
[debug] [2025-09-08T21:27:10.292Z] Checked if tokens are valid: true, expires at: 1757368334267
[debug] [2025-09-08T21:27:10.294Z] >>> [apiv2][query] GET https://firebase.googleapis.com/v1beta1/projects/progapi-33199/adminSdkConfig [none]
[debug] [2025-09-08T21:27:10.558Z] <<< [apiv2][status] GET https://firebase.googleapis.com/v1beta1/projects/progapi-33199/adminSdkConfig 200
[debug] [2025-09-08T21:27:10.558Z] <<< [apiv2][body] GET https://firebase.googleapis.com/v1beta1/projects/progapi-33199/adminSdkConfig {"projectId":"progapi-33199","storageBucket":"progapi-33199.firebasestorage.app"}
[info] i  functions: Watching "C:\Users\lab_services_student\progapi\functions" for Cloud Functions... {"metadata":{"emulator":{"name":"functions"},"message":"Watching \"C:\\Users\\lab_services_student\\progapi\\functions\" for Cloud Functions..."}}
[debug] [2025-09-08T21:27:10.600Z] Validating nodejs source
[debug] [2025-09-08T21:27:11.550Z] > [functions] package.json contents: {
  "name": "functions",
  "description": "Cloud Functions for Firebase",
  "scripts": {
    "lint": "eslint .",
    "serve": "firebase emulators:start --only functions",
    "shell": "firebase functions:shell",
    "start": "npm run shell",
    "deploy": "firebase deploy --only functions",
    "logs": "firebase functions:log"
  },
  "engines": {
    "node": "22"
  },
  "main": "index.js",
  "dependencies": {
    "bcryptjs": "^3.0.2",
    "dotenv": "^17.2.2",
    "express": "^5.1.0",
    "firebase-admin": "^12.7.0",
    "firebase-functions": "^6.4.0",
    "jsonwebtoken": "^9.0.2"
  },
  "devDependencies": {
    "eslint": "^8.15.0",
    "eslint-config-google": "^0.14.0",
    "firebase-functions-test": "^3.1.0"
  },
  "private": true,
  "version": "1.0.0",
  "keywords": [],
  "author": "",
  "license": "ISC",
  "type": "commonjs"
}
[debug] [2025-09-08T21:27:11.550Z] Building nodejs source
[debug] [2025-09-08T21:27:11.551Z] Failed to find version of module node: reached end of search path C:\Users\lab_services_student\progapi\functions\node_modules
[warn] !  functions: Your requested "node" version "22" doesn't match your global version "23". Using node@23 from host. 
[info] i  functions: Loaded environment variables from .env. 
[debug] [2025-09-08T21:27:11.559Z] Could not find functions.yaml. Must use http discovery
[debug] [2025-09-08T21:27:11.567Z] Found firebase-functions binary at 'C:\Users\lab_services_student\progapi\functions\node_modules\.bin\firebase-functions'
[info] Serving at port 8873

[info] [dotenv@17.2.2] injecting env (0) from .env -- tip: ðŸ“¡ auto-backup env with Radar: https://dotenvx.com/radar

[debug] [2025-09-08T21:27:12.445Z] Got response from /__/functions.yaml {"endpoints":{"api":{"availableMemoryMb":null,"timeoutSeconds":null,"minInstances":null,"maxInstances":null,"ingressSettings":null,"concurrency":null,"serviceAccountEmail":null,"vpc":null,"platform":"gcfv2","labels":{},"httpsTrigger":{},"entryPoint":"api"}},"specVersion":"v1alpha1","requiredAPIs":[],"extensions":{}}
[info] +  functions: Loaded functions definitions from source: api. {"metadata":{"emulator":{"name":"functions"},"message":"Loaded functions definitions from source: api."}}
[info] +  functions[us-central1-api]: http function initialized (http://127.0.0.1:5001/progapi-33199/us-central1/api). {"metadata":{"emulator":{"name":"functions"},"message":"\u001b[1mhttp\u001b[22m function initialized (http://127.0.0.1:5001/progapi-33199/us-central1/api)."}}
[debug] [2025-09-08T21:27:16.512Z] Could not find VSCode notification endpoint: FetchError: request to http://localhost:40001/vscode/notify failed, reason: . If you are not running the Firebase Data Connect VSCode extension, this is expected and not an issue.
[info] 
â”Œâ”€â”€â”€â”€â”€â”€â”€â”€â”€â”€â”€â”€â”€â”€â”€â”€â”€â”€â”€â”€â”€â”€â”€â”€â”€â”€â”€â”€â”€â”€â”€â”€â”€â”€â”€â”€â”€â”€â”€â”€â”€â”€â”€â”€â”€â”€â”€â”€â”€â”€â”€â”€â”€â”€â”€â”€â”€â”€â”€â”€â”€â”
â”‚ âœ”  All emulators ready! It is now safe to connect your app. â”‚
â”‚ i  View Emulator UI at http://127.0.0.1:4001/               â”‚
â””â”€â”€â”€â”€â”€â”€â”€â”€â”€â”€â”€â”€â”€â”€â”€â”€â”€â”€â”€â”€â”€â”€â”€â”€â”€â”€â”€â”€â”€â”€â”€â”€â”€â”€â”€â”€â”€â”€â”€â”€â”€â”€â”€â”€â”€â”€â”€â”€â”€â”€â”€â”€â”€â”€â”€â”€â”€â”€â”€â”€â”€â”˜

â”Œâ”€â”€â”€â”€â”€â”€â”€â”€â”€â”€â”€â”¬â”€â”€â”€â”€â”€â”€â”€â”€â”€â”€â”€â”€â”€â”€â”€â”€â”¬â”€â”€â”€â”€â”€â”€â”€â”€â”€â”€â”€â”€â”€â”€â”€â”€â”€â”€â”€â”€â”€â”€â”€â”€â”€â”€â”€â”€â”€â”€â”€â”€â”€â”
â”‚ Emulator  â”‚ Host:Port      â”‚ View in Emulator UI             â”‚
â”œâ”€â”€â”€â”€â”€â”€â”€â”€â”€â”€â”€â”¼â”€â”€â”€â”€â”€â”€â”€â”€â”€â”€â”€â”€â”€â”€â”€â”€â”¼â”€â”€â”€â”€â”€â”€â”€â”€â”€â”€â”€â”€â”€â”€â”€â”€â”€â”€â”€â”€â”€â”€â”€â”€â”€â”€â”€â”€â”€â”€â”€â”€â”€â”¤
â”‚ Functions â”‚ 127.0.0.1:5001 â”‚ http://127.0.0.1:4001/functions â”‚
â””â”€â”€â”€â”€â”€â”€â”€â”€â”€â”€â”€â”´â”€â”€â”€â”€â”€â”€â”€â”€â”€â”€â”€â”€â”€â”€â”€â”€â”´â”€â”€â”€â”€â”€â”€â”€â”€â”€â”€â”€â”€â”€â”€â”€â”€â”€â”€â”€â”€â”€â”€â”€â”€â”€â”€â”€â”€â”€â”€â”€â”€â”€â”˜
  Emulator Hub host: 127.0.0.1 port: 4401
  Other reserved ports: 4501

Issues? Report them at https://github.com/firebase/firebase-tools/issues and attach the *-debug.log files.
 
[debug] [2025-09-08T21:28:30.191Z] Functions emulator received unknown request at path /progapi/us-central1/api/register
[debug] [2025-09-08T21:31:09.221Z] [work-queue] {"queuedWork":["/progapi-33199/us-central1/api/register-2025-09-08T21:31:09.221Z"],"queueLength":1,"runningWork":[],"workRunningCount":0}
[debug] [2025-09-08T21:31:09.222Z] [work-queue] {"queuedWork":[],"queueLength":0,"runningWork":["/progapi-33199/us-central1/api/register-2025-09-08T21:31:09.221Z"],"workRunningCount":1}
[debug] [2025-09-08T21:31:09.222Z] Accepted request POST /progapi-33199/us-central1/api/register --> us-central1-api
[debug] [2025-09-08T21:31:09.226Z] [functions] Runtime ready! Sending request! {"metadata":{"emulator":{"name":"functions"},"message":"[functions] Runtime ready! Sending request!"}}
[debug] [2025-09-08T21:31:09.227Z] [functions] Got req.url=/progapi-33199/us-central1/api/register, mapping to path=/register {"metadata":{"emulator":{"name":"functions"},"message":"[functions] Got req.url=/progapi-33199/us-central1/api/register, mapping to path=/register"}}
[info] i  functions: Loaded environment variables from .env. 
[debug] [2025-09-08T21:31:09.243Z] [worker-pool] addWorker(us-central1-api) {"metadata":{"emulator":{"name":"functions"},"message":"[worker-pool] addWorker(us-central1-api)"}}
[debug] [2025-09-08T21:31:09.244Z] [worker-pool] Adding worker with key us-central1-api, total=1 {"metadata":{"emulator":{"name":"functions"},"message":"[worker-pool] Adding worker with key us-central1-api, total=1"}}
[info] >  (node:1408) [DEP0040] DeprecationWarning: The `punycode` module is deprecated. Please use a userland alternative instead. {"user":"(node:1408) [DEP0040] DeprecationWarning: The `punycode` module is deprecated. Please use a userland alternative instead.","metadata":{"emulator":{"name":"functions"},"function":{"name":"us-central1-api"},"extension":{},"message":"\u001b[90m> \u001b[39m (node:1408) [DEP0040] DeprecationWarning: The `punycode` module is deprecated. Please use a userland alternative instead."}}
[info] >  (Use `node --trace-deprecation ...` to show where the warning was created) {"user":"(Use `node --trace-deprecation ...` to show where the warning was created)","metadata":{"emulator":{"name":"functions"},"function":{"name":"us-central1-api"},"extension":{},"message":"\u001b[90m> \u001b[39m (Use `node --trace-deprecation ...` to show where the warning was created)"}}
[debug] [2025-09-08T21:31:10.764Z] [runtime-status] [1408] Resolved module firebase-admin {"declared":true,"installed":true,"version":"12.7.0","resolution":"C:\\Users\\lab_services_student\\progapi\\functions\\node_modules\\firebase-admin\\lib\\index.js"} {"metadata":{"emulator":{"name":"functions"},"function":{"name":"us-central1-api"},"extension":{},"message":"[runtime-status] [1408] Resolved module firebase-admin {\"declared\":true,\"installed\":true,\"version\":\"12.7.0\",\"resolution\":\"C:\\\\Users\\\\lab_services_student\\\\progapi\\\\functions\\\\node_modules\\\\firebase-admin\\\\lib\\\\index.js\"}"}}
[debug] [2025-09-08T21:31:10.768Z] [runtime-status] [1408] Resolved module firebase-functions {"declared":true,"installed":true,"version":"6.4.0","resolution":"C:\\Users\\lab_services_student\\progapi\\functions\\node_modules\\firebase-functions\\lib\\v2\\index.js"} {"metadata":{"emulator":{"name":"functions"},"function":{"name":"us-central1-api"},"extension":{},"message":"[runtime-status] [1408] Resolved module firebase-functions {\"declared\":true,\"installed\":true,\"version\":\"6.4.0\",\"resolution\":\"C:\\\\Users\\\\lab_services_student\\\\progapi\\\\functions\\\\node_modules\\\\firebase-functions\\\\lib\\\\v2\\\\index.js\"}"}}
[debug] [2025-09-08T21:31:10.770Z] [runtime-status] [1408] Outgoing network have been stubbed. [{"name":"http","status":"mocked"},{"name":"http","status":"mocked"},{"name":"https","status":"mocked"},{"name":"https","status":"mocked"},{"name":"net","status":"mocked"}] {"metadata":{"emulator":{"name":"functions"},"function":{"name":"us-central1-api"},"extension":{},"message":"[runtime-status] [1408] Outgoing network have been stubbed. [{\"name\":\"http\",\"status\":\"mocked\"},{\"name\":\"http\",\"status\":\"mocked\"},{\"name\":\"https\",\"status\":\"mocked\"},{\"name\":\"https\",\"status\":\"mocked\"},{\"name\":\"net\",\"status\":\"mocked\"}]"}}
[debug] [2025-09-08T21:31:10.772Z] [runtime-status] [1408] Resolved module firebase-functions {"declared":true,"installed":true,"version":"6.4.0","resolution":"C:\\Users\\lab_services_student\\progapi\\functions\\node_modules\\firebase-functions\\lib\\v2\\index.js"} {"metadata":{"emulator":{"name":"functions"},"function":{"name":"us-central1-api"},"extension":{},"message":"[runtime-status] [1408] Resolved module firebase-functions {\"declared\":true,\"installed\":true,\"version\":\"6.4.0\",\"resolution\":\"C:\\\\Users\\\\lab_services_student\\\\progapi\\\\functions\\\\node_modules\\\\firebase-functions\\\\lib\\\\v2\\\\index.js\"}"}}
[debug] [2025-09-08T21:31:11.214Z] [runtime-status] [1408] Checked functions.config() {"config":{}} {"metadata":{"emulator":{"name":"functions"},"function":{"name":"us-central1-api"},"extension":{},"message":"[runtime-status] [1408] Checked functions.config() {\"config\":{}}"}}
[debug] [2025-09-08T21:31:11.215Z] [runtime-status] [1408] firebase-functions has been stubbed. {"functionsResolution":{"declared":true,"installed":true,"version":"6.4.0","resolution":"C:\\Users\\lab_services_student\\progapi\\functions\\node_modules\\firebase-functions\\lib\\v2\\index.js"}} {"metadata":{"emulator":{"name":"functions"},"function":{"name":"us-central1-api"},"extension":{},"message":"[runtime-status] [1408] firebase-functions has been stubbed. {\"functionsResolution\":{\"declared\":true,\"installed\":true,\"version\":\"6.4.0\",\"resolution\":\"C:\\\\Users\\\\lab_services_student\\\\progapi\\\\functions\\\\node_modules\\\\firebase-functions\\\\lib\\\\v2\\\\index.js\"}}"}}
[debug] [2025-09-08T21:31:11.216Z] [runtime-status] [1408] Resolved module firebase-functions {"declared":true,"installed":true,"version":"6.4.0","resolution":"C:\\Users\\lab_services_student\\progapi\\functions\\node_modules\\firebase-functions\\lib\\v2\\index.js"} {"metadata":{"emulator":{"name":"functions"},"function":{"name":"us-central1-api"},"extension":{},"message":"[runtime-status] [1408] Resolved module firebase-functions {\"declared\":true,\"installed\":true,\"version\":\"6.4.0\",\"resolution\":\"C:\\\\Users\\\\lab_services_student\\\\progapi\\\\functions\\\\node_modules\\\\firebase-functions\\\\lib\\\\v2\\\\index.js\"}"}}
[debug] [2025-09-08T21:31:11.225Z] [runtime-status] [1408] Resolved module firebase-admin {"declared":true,"installed":true,"version":"12.7.0","resolution":"C:\\Users\\lab_services_student\\progapi\\functions\\node_modules\\firebase-admin\\lib\\index.js"} {"metadata":{"emulator":{"name":"functions"},"function":{"name":"us-central1-api"},"extension":{},"message":"[runtime-status] [1408] Resolved module firebase-admin {\"declared\":true,\"installed\":true,\"version\":\"12.7.0\",\"resolution\":\"C:\\\\Users\\\\lab_services_student\\\\progapi\\\\functions\\\\node_modules\\\\firebase-admin\\\\lib\\\\index.js\"}"}}
[debug] [2025-09-08T21:31:11.230Z] [runtime-status] [1408] Resolved module firebase-functions {"declared":true,"installed":true,"version":"6.4.0","resolution":"C:\\Users\\lab_services_student\\progapi\\functions\\node_modules\\firebase-functions\\lib\\v2\\index.js"} {"metadata":{"emulator":{"name":"functions"},"function":{"name":"us-central1-api"},"extension":{},"message":"[runtime-status] [1408] Resolved module firebase-functions {\"declared\":true,\"installed\":true,\"version\":\"6.4.0\",\"resolution\":\"C:\\\\Users\\\\lab_services_student\\\\progapi\\\\functions\\\\node_modules\\\\firebase-functions\\\\lib\\\\v2\\\\index.js\"}"}}
[debug] [2025-09-08T21:31:11.231Z] [runtime-status] [1408] firebase-admin has been stubbed. {"adminResolution":{"declared":true,"installed":true,"version":"12.7.0","resolution":"C:\\Users\\lab_services_student\\progapi\\functions\\node_modules\\firebase-admin\\lib\\index.js"}} {"metadata":{"emulator":{"name":"functions"},"function":{"name":"us-central1-api"},"extension":{},"message":"[runtime-status] [1408] firebase-admin has been stubbed. {\"adminResolution\":{\"declared\":true,\"installed\":true,\"version\":\"12.7.0\",\"resolution\":\"C:\\\\Users\\\\lab_services_student\\\\progapi\\\\functions\\\\node_modules\\\\firebase-admin\\\\lib\\\\index.js\"}}"}}
[info] >  [dotenv@17.2.2] injecting env (0) from .env -- tip: âš™ï¸  load multiple .env files with { path: ['.env.local', '.env'] } {"user":"[dotenv@17.2.2] injecting env (0) from .env -- tip: âš™ï¸  load multiple .env files with { path: ['.env.local', '.env'] }","metadata":{"emulator":{"name":"functions"},"function":{"name":"us-central1-api"},"extension":{},"message":"\u001b[90m> \u001b[39m [dotenv@17.2.2] injecting env (0) from .env -- tip: âš™ï¸  load multiple .env files with { path: ['.env.local', '.env'] }"}}
[debug] [2025-09-08T21:31:11.410Z] [runtime-status] [1408] initializeApp(DEFAULT) {"storageBucket":"progapi-33199.firebasestorage.app","projectId":"progapi-33199"} {"metadata":{"emulator":{"name":"functions"},"function":{"name":"us-central1-api"},"extension":{},"message":"[runtime-status] [1408] initializeApp(DEFAULT) {\"storageBucket\":\"progapi-33199.firebasestorage.app\",\"projectId\":\"progapi-33199\"}"}}
[warn] !  It looks like you're trying to access functions.config().jwt but there is no value there. You can learn more about setting up config here: https://firebase.google.com/docs/functions/local-emulator {"metadata":{"emulator":{"name":"functions"},"function":{"name":"us-central1-api"},"extension":{},"message":"It looks like you're trying to access functions.config().jwt but there is no value there. You can learn more about setting up config here: https://firebase.google.com/docs/functions/local-emulator"}}
[debug] [2025-09-08T21:31:11.429Z] [runtime-status] [1408] Functions runtime initialized. {"cwd":"C:\\Users\\lab_services_student\\progapi\\functions","node_version":"23.6.1"} {"metadata":{"emulator":{"name":"functions"},"function":{"name":"us-central1-api"},"extension":{},"message":"[runtime-status] [1408] Functions runtime initialized. {\"cwd\":\"C:\\\\Users\\\\lab_services_student\\\\progapi\\\\functions\",\"node_version\":\"23.6.1\"}"}}
[debug] [2025-09-08T21:31:11.430Z] [runtime-status] [1408] Listening to port: \\?\pipe\fire_emu_452347618c0051be {"metadata":{"emulator":{"name":"functions"},"function":{"name":"us-central1-api"},"extension":{},"message":"[runtime-status] [1408] Listening to port: \\\\?\\pipe\\fire_emu_452347618c0051be"}}
[debug] [2025-09-08T21:31:11.469Z] [worker-us-central1-api-5b321a85-d067-4fee-b457-c05c35cae91a]: IDLE {"metadata":{"emulator":{"name":"functions"},"function":{"name":"us-central1-api"},"extension":{},"message":"[worker-us-central1-api-5b321a85-d067-4fee-b457-c05c35cae91a]: IDLE"}}
[debug] [2025-09-08T21:31:11.469Z] [worker-pool] submitRequest(triggerId=us-central1-api) {"metadata":{"emulator":{"name":"functions"},"message":"[worker-pool] submitRequest(triggerId=us-central1-api)"}}
[info] i  functions: Beginning execution of "us-central1-api" {"metadata":{"emulator":{"name":"functions"},"function":{"name":"us-central1-api"},"extension":{},"message":"Beginning execution of \"us-central1-api\""}}
[debug] [2025-09-08T21:31:11.470Z] [worker-us-central1-api-5b321a85-d067-4fee-b457-c05c35cae91a]: BUSY {"metadata":{"emulator":{"name":"functions"},"function":{"name":"us-central1-api"},"extension":{},"message":"[worker-us-central1-api-5b321a85-d067-4fee-b457-c05c35cae91a]: BUSY"}}
[debug] [2025-09-08T21:31:11.493Z] Finishing up request with event=pause {"metadata":{"emulator":{"name":"functions"},"function":{"name":"us-central1-api"},"extension":{},"message":"Finishing up request with event=pause"}}
[info] i  functions: Finished "us-central1-api" in 22.4163ms {"metadata":{"emulator":{"name":"functions"},"function":{"name":"us-central1-api"},"extension":{},"message":"Finished \"us-central1-api\" in 22.4163ms"}}
[debug] [2025-09-08T21:31:11.494Z] [worker-us-central1-api-5b321a85-d067-4fee-b457-c05c35cae91a]: IDLE {"metadata":{"emulator":{"name":"functions"},"function":{"name":"us-central1-api"},"extension":{},"message":"[worker-us-central1-api-5b321a85-d067-4fee-b457-c05c35cae91a]: IDLE"}}
[debug] [2025-09-08T21:31:11.494Z] Finishing up request with event=finish {"metadata":{"emulator":{"name":"functions"},"function":{"name":"us-central1-api"},"extension":{},"message":"Finishing up request with event=finish"}}
[debug] [2025-09-08T21:31:11.494Z] Finishing up request with event=close {"metadata":{"emulator":{"name":"functions"},"function":{"name":"us-central1-api"},"extension":{},"message":"Finishing up request with event=close"}}
[debug] [2025-09-08T21:31:11.495Z] [work-queue] {"queuedWork":[],"queueLength":0,"runningWork":[],"workRunningCount":0}
[debug] [2025-09-08T21:31:42.618Z] [work-queue] {"queuedWork":["/progapi-33199/us-central1/api/api/register-2025-09-08T21:31:42.618Z"],"queueLength":1,"runningWork":[],"workRunningCount":0}
[debug] [2025-09-08T21:31:42.619Z] [work-queue] {"queuedWork":[],"queueLength":0,"runningWork":["/progapi-33199/us-central1/api/api/register-2025-09-08T21:31:42.618Z"],"workRunningCount":1}
[debug] [2025-09-08T21:31:42.619Z] Accepted request POST /progapi-33199/us-central1/api/api/register --> us-central1-api
[debug] [2025-09-08T21:31:42.622Z] [functions] Runtime ready! Sending request! {"metadata":{"emulator":{"name":"functions"},"message":"[functions] Runtime ready! Sending request!"}}
[debug] [2025-09-08T21:31:42.622Z] [functions] Got req.url=/progapi-33199/us-central1/api/api/register, mapping to path=/api/register {"metadata":{"emulator":{"name":"functions"},"message":"[functions] Got req.url=/progapi-33199/us-central1/api/api/register, mapping to path=/api/register"}}
[debug] [2025-09-08T21:31:42.622Z] [worker-pool] submitRequest(triggerId=us-central1-api) {"metadata":{"emulator":{"name":"functions"},"message":"[worker-pool] submitRequest(triggerId=us-central1-api)"}}
[info] i  functions: Beginning execution of "us-central1-api" {"metadata":{"emulator":{"name":"functions"},"function":{"name":"us-central1-api"},"extension":{},"message":"Beginning execution of \"us-central1-api\""}}
[debug] [2025-09-08T21:31:42.623Z] [worker-us-central1-api-5b321a85-d067-4fee-b457-c05c35cae91a]: BUSY {"metadata":{"emulator":{"name":"functions"},"function":{"name":"us-central1-api"},"extension":{},"message":"[worker-us-central1-api-5b321a85-d067-4fee-b457-c05c35cae91a]: BUSY"}}
[warn] !  Google API requested!
   - URL: "https://oauth2.googleapis.com/token"
   - Be careful, this may be a production service. {"metadata":{"emulator":{"name":"functions"},"function":{"name":"us-central1-api"},"extension":{},"message":"Google API requested!\n   - URL: \"https://oauth2.googleapis.com/token\"\n   - Be careful, this may be a production service."}}
[info] >  Error: 5 NOT_FOUND:  {"user":"Error: 5 NOT_FOUND: ","metadata":{"emulator":{"name":"functions"},"function":{"name":"us-central1-api"},"extension":{},"message":"\u001b[90m> \u001b[39m Error: 5 NOT_FOUND: "}}
[info] >      at callErrorFromStatus (C:\Users\lab_services_student\progapi\functions\node_modules\@grpc\grpc-js\build\src\call.js:32:19) {"user":"    at callErrorFromStatus (C:\\Users\\lab_services_student\\progapi\\functions\\node_modules\\@grpc\\grpc-js\\build\\src\\call.js:32:19)","metadata":{"emulator":{"name":"functions"},"function":{"name":"us-central1-api"},"extension":{},"message":"\u001b[90m> \u001b[39m     at callErrorFromStatus (C:\\Users\\lab_services_student\\progapi\\functions\\node_modules\\@grpc\\grpc-js\\build\\src\\call.js:32:19)"}}
[info] >      at Object.onReceiveStatus (C:\Users\lab_services_student\progapi\functions\node_modules\@grpc\grpc-js\build\src\client.js:359:73) {"user":"    at Object.onReceiveStatus (C:\\Users\\lab_services_student\\progapi\\functions\\node_modules\\@grpc\\grpc-js\\build\\src\\client.js:359:73)","metadata":{"emulator":{"name":"functions"},"function":{"name":"us-central1-api"},"extension":{},"message":"\u001b[90m> \u001b[39m     at Object.onReceiveStatus (C:\\Users\\lab_services_student\\progapi\\functions\\node_modules\\@grpc\\grpc-js\\build\\src\\client.js:359:73)"}}
[info] >      at Object.onReceiveStatus (C:\Users\lab_services_student\progapi\functions\node_modules\@grpc\grpc-js\build\src\client-interceptors.js:324:181) {"user":"    at Object.onReceiveStatus (C:\\Users\\lab_services_student\\progapi\\functions\\node_modules\\@grpc\\grpc-js\\build\\src\\client-interceptors.js:324:181)","metadata":{"emulator":{"name":"functions"},"function":{"name":"us-central1-api"},"extension":{},"message":"\u001b[90m> \u001b[39m     at Object.onReceiveStatus (C:\\Users\\lab_services_student\\progapi\\functions\\node_modules\\@grpc\\grpc-js\\build\\src\\client-interceptors.js:324:181)"}}
[info] >      at C:\Users\lab_services_student\progapi\functions\node_modules\@grpc\grpc-js\build\src\resolving-call.js:135:78 {"user":"    at C:\\Users\\lab_services_student\\progapi\\functions\\node_modules\\@grpc\\grpc-js\\build\\src\\resolving-call.js:135:78","metadata":{"emulator":{"name":"functions"},"function":{"name":"us-central1-api"},"extension":{},"message":"\u001b[90m> \u001b[39m     at C:\\Users\\lab_services_student\\progapi\\functions\\node_modules\\@grpc\\grpc-js\\build\\src\\resolving-call.js:135:78"}}
[info] >      at process.processTicksAndRejections (node:internal/process/task_queues:85:11) {"user":"    at process.processTicksAndRejections (node:internal/process/task_queues:85:11)","metadata":{"emulator":{"name":"functions"},"function":{"name":"us-central1-api"},"extension":{},"message":"\u001b[90m> \u001b[39m     at process.processTicksAndRejections (node:internal/process/task_queues:85:11)"}}
[info] >  for call at {"user":"for call at","metadata":{"emulator":{"name":"functions"},"function":{"name":"us-central1-api"},"extension":{},"message":"\u001b[90m> \u001b[39m for call at"}}
[info] >      at ServiceClientImpl.makeServerStreamRequest (C:\Users\lab_services_student\progapi\functions\node_modules\@grpc\grpc-js\build\src\client.js:342:32) {"user":"    at ServiceClientImpl.makeServerStreamRequest (C:\\Users\\lab_services_student\\progapi\\functions\\node_modules\\@grpc\\grpc-js\\build\\src\\client.js:342:32)","metadata":{"emulator":{"name":"functions"},"function":{"name":"us-central1-api"},"extension":{},"message":"\u001b[90m> \u001b[39m     at ServiceClientImpl.makeServerStreamRequest (C:\\Users\\lab_services_student\\progapi\\functions\\node_modules\\@grpc\\grpc-js\\build\\src\\client.js:342:32)"}}
[info] >      at ServiceClientImpl.<anonymous> (C:\Users\lab_services_student\progapi\functions\node_modules\@grpc\grpc-js\build\src\make-client.js:105:19) {"user":"    at ServiceClientImpl.<anonymous> (C:\\Users\\lab_services_student\\progapi\\functions\\node_modules\\@grpc\\grpc-js\\build\\src\\make-client.js:105:19)","metadata":{"emulator":{"name":"functions"},"function":{"name":"us-central1-api"},"extension":{},"message":"\u001b[90m> \u001b[39m     at ServiceClientImpl.<anonymous> (C:\\Users\\lab_services_student\\progapi\\functions\\node_modules\\@grpc\\grpc-js\\build\\src\\make-client.js:105:19)"}}
[info] >      at C:\Users\lab_services_student\progapi\functions\node_modules\@google-cloud\firestore\build\src\v1\firestore_client.js:242:33 {"user":"    at C:\\Users\\lab_services_student\\progapi\\functions\\node_modules\\@google-cloud\\firestore\\build\\src\\v1\\firestore_client.js:242:33","metadata":{"emulator":{"name":"functions"},"function":{"name":"us-central1-api"},"extension":{},"message":"\u001b[90m> \u001b[39m     at C:\\Users\\lab_services_student\\progapi\\functions\\node_modules\\@google-cloud\\firestore\\build\\src\\v1\\firestore_client.js:242:33"}}
[info] >      at C:\Users\lab_services_student\progapi\functions\node_modules\google-gax\build\src\streamingCalls\streamingApiCaller.js:38:28 {"user":"    at C:\\Users\\lab_services_student\\progapi\\functions\\node_modules\\google-gax\\build\\src\\streamingCalls\\streamingApiCaller.js:38:28","metadata":{"emulator":{"name":"functions"},"function":{"name":"us-central1-api"},"extension":{},"message":"\u001b[90m> \u001b[39m     at C:\\Users\\lab_services_student\\progapi\\functions\\node_modules\\google-gax\\build\\src\\streamingCalls\\streamingApiCaller.js:38:28"}}
[info] >      at C:\Users\lab_services_student\progapi\functions\node_modules\google-gax\build\src\normalCalls\timeout.js:44:16 {"user":"    at C:\\Users\\lab_services_student\\progapi\\functions\\node_modules\\google-gax\\build\\src\\normalCalls\\timeout.js:44:16","metadata":{"emulator":{"name":"functions"},"function":{"name":"us-central1-api"},"extension":{},"message":"\u001b[90m> \u001b[39m     at C:\\Users\\lab_services_student\\progapi\\functions\\node_modules\\google-gax\\build\\src\\normalCalls\\timeout.js:44:16"}}
[info] >      at Object.request (C:\Users\lab_services_student\progapi\functions\node_modules\google-gax\build\src\streamingCalls\streaming.js:234:40) {"user":"    at Object.request (C:\\Users\\lab_services_student\\progapi\\functions\\node_modules\\google-gax\\build\\src\\streamingCalls\\streaming.js:234:40)","metadata":{"emulator":{"name":"functions"},"function":{"name":"us-central1-api"},"extension":{},"message":"\u001b[90m> \u001b[39m     at Object.request (C:\\Users\\lab_services_student\\progapi\\functions\\node_modules\\google-gax\\build\\src\\streamingCalls\\streaming.js:234:40)"}}
[info] >      at makeRequest (C:\Users\lab_services_student\progapi\functions\node_modules\retry-request\index.js:159:28) {"user":"    at makeRequest (C:\\Users\\lab_services_student\\progapi\\functions\\node_modules\\retry-request\\index.js:159:28)","metadata":{"emulator":{"name":"functions"},"function":{"name":"us-central1-api"},"extension":{},"message":"\u001b[90m> \u001b[39m     at makeRequest (C:\\Users\\lab_services_student\\progapi\\functions\\node_modules\\retry-request\\index.js:159:28)"}}
[info] >      at retryRequest (C:\Users\lab_services_student\progapi\functions\node_modules\retry-request\index.js:119:5) {"user":"    at retryRequest (C:\\Users\\lab_services_student\\progapi\\functions\\node_modules\\retry-request\\index.js:119:5)","metadata":{"emulator":{"name":"functions"},"function":{"name":"us-central1-api"},"extension":{},"message":"\u001b[90m> \u001b[39m     at retryRequest (C:\\Users\\lab_services_student\\progapi\\functions\\node_modules\\retry-request\\index.js:119:5)"}}
[info] >      at StreamProxy.setStream (C:\Users\lab_services_student\progapi\functions\node_modules\google-gax\build\src\streamingCalls\streaming.js:225:37) {"user":"    at StreamProxy.setStream (C:\\Users\\lab_services_student\\progapi\\functions\\node_modules\\google-gax\\build\\src\\streamingCalls\\streaming.js:225:37)","metadata":{"emulator":{"name":"functions"},"function":{"name":"us-central1-api"},"extension":{},"message":"\u001b[90m> \u001b[39m     at StreamProxy.setStream (C:\\Users\\lab_services_student\\progapi\\functions\\node_modules\\google-gax\\build\\src\\streamingCalls\\streaming.js:225:37)"}}
[info] >      at StreamingApiCaller.call (C:\Users\lab_services_student\progapi\functions\node_modules\google-gax\build\src\streamingCalls\streamingApiCaller.js:54:16) {"user":"    at StreamingApiCaller.call (C:\\Users\\lab_services_student\\progapi\\functions\\node_modules\\google-gax\\build\\src\\streamingCalls\\streamingApiCaller.js:54:16)","metadata":{"emulator":{"name":"functions"},"function":{"name":"us-central1-api"},"extension":{},"message":"\u001b[90m> \u001b[39m     at StreamingApiCaller.call (C:\\Users\\lab_services_student\\progapi\\functions\\node_modules\\google-gax\\build\\src\\streamingCalls\\streamingApiCaller.js:54:16)"}}
[info] >  Caused by: Error {"user":"Caused by: Error","metadata":{"emulator":{"name":"functions"},"function":{"name":"us-central1-api"},"extension":{},"message":"\u001b[90m> \u001b[39m Caused by: Error"}}
[info] >      at QueryUtil._getResponse (C:\Users\lab_services_student\progapi\functions\node_modules\@google-cloud\firestore\build\src\reference\query-util.js:44:23) {"user":"    at QueryUtil._getResponse (C:\\Users\\lab_services_student\\progapi\\functions\\node_modules\\@google-cloud\\firestore\\build\\src\\reference\\query-util.js:44:23)","metadata":{"emulator":{"name":"functions"},"function":{"name":"us-central1-api"},"extension":{},"message":"\u001b[90m> \u001b[39m     at QueryUtil._getResponse (C:\\Users\\lab_services_student\\progapi\\functions\\node_modules\\@google-cloud\\firestore\\build\\src\\reference\\query-util.js:44:23)"}}
[info] >      at Query._getResponse (C:\Users\lab_services_student\progapi\functions\node_modules\@google-cloud\firestore\build\src\reference\query.js:784:32) {"user":"    at Query._getResponse (C:\\Users\\lab_services_student\\progapi\\functions\\node_modules\\@google-cloud\\firestore\\build\\src\\reference\\query.js:784:32)","metadata":{"emulator":{"name":"functions"},"function":{"name":"us-central1-api"},"extension":{},"message":"\u001b[90m> \u001b[39m     at Query._getResponse (C:\\Users\\lab_services_student\\progapi\\functions\\node_modules\\@google-cloud\\firestore\\build\\src\\reference\\query.js:784:32)"}}
[info] >      at Query._get (C:\Users\lab_services_student\progapi\functions\node_modules\@google-cloud\firestore\build\src\reference\query.js:777:35) {"user":"    at Query._get (C:\\Users\\lab_services_student\\progapi\\functions\\node_modules\\@google-cloud\\firestore\\build\\src\\reference\\query.js:777:35)","metadata":{"emulator":{"name":"functions"},"function":{"name":"us-central1-api"},"extension":{},"message":"\u001b[90m> \u001b[39m     at Query._get (C:\\Users\\lab_services_student\\progapi\\functions\\node_modules\\@google-cloud\\firestore\\build\\src\\reference\\query.js:777:35)"}}
[info] >      at C:\Users\lab_services_student\progapi\functions\node_modules\@google-cloud\firestore\build\src\reference\query.js:745:43 {"user":"    at C:\\Users\\lab_services_student\\progapi\\functions\\node_modules\\@google-cloud\\firestore\\build\\src\\reference\\query.js:745:43","metadata":{"emulator":{"name":"functions"},"function":{"name":"us-central1-api"},"extension":{},"message":"\u001b[90m> \u001b[39m     at C:\\Users\\lab_services_student\\progapi\\functions\\node_modules\\@google-cloud\\firestore\\build\\src\\reference\\query.js:745:43"}}
[info] >      at C:\Users\lab_services_student\progapi\functions\node_modules\@google-cloud\firestore\build\src\telemetry\enabled-trace-util.js:110:30 {"user":"    at C:\\Users\\lab_services_student\\progapi\\functions\\node_modules\\@google-cloud\\firestore\\build\\src\\telemetry\\enabled-trace-util.js:110:30","metadata":{"emulator":{"name":"functions"},"function":{"name":"us-central1-api"},"extension":{},"message":"\u001b[90m> \u001b[39m     at C:\\Users\\lab_services_student\\progapi\\functions\\node_modules\\@google-cloud\\firestore\\build\\src\\telemetry\\enabled-trace-util.js:110:30"}}
[info] >      at NoopContextManager.with (C:\Users\lab_services_student\progapi\functions\node_modules\@opentelemetry\api\build\src\context\NoopContextManager.js:25:19) {"user":"    at NoopContextManager.with (C:\\Users\\lab_services_student\\progapi\\functions\\node_modules\\@opentelemetry\\api\\build\\src\\context\\NoopContextManager.js:25:19)","metadata":{"emulator":{"name":"functions"},"function":{"name":"us-central1-api"},"extension":{},"message":"\u001b[90m> \u001b[39m     at NoopContextManager.with (C:\\Users\\lab_services_student\\progapi\\functions\\node_modules\\@opentelemetry\\api\\build\\src\\context\\NoopContextManager.js:25:19)"}}
[info] >      at ContextAPI.with (C:\Users\lab_services_student\progapi\functions\node_modules\@opentelemetry\api\build\src\api\context.js:60:46) {"user":"    at ContextAPI.with (C:\\Users\\lab_services_student\\progapi\\functions\\node_modules\\@opentelemetry\\api\\build\\src\\api\\context.js:60:46)","metadata":{"emulator":{"name":"functions"},"function":{"name":"us-central1-api"},"extension":{},"message":"\u001b[90m> \u001b[39m     at ContextAPI.with (C:\\Users\\lab_services_student\\progapi\\functions\\node_modules\\@opentelemetry\\api\\build\\src\\api\\context.js:60:46)"}}
[info] >      at NoopTracer.startActiveSpan (C:\Users\lab_services_student\progapi\functions\node_modules\@opentelemetry\api\build\src\trace\NoopTracer.js:65:31) {"user":"    at NoopTracer.startActiveSpan (C:\\Users\\lab_services_student\\progapi\\functions\\node_modules\\@opentelemetry\\api\\build\\src\\trace\\NoopTracer.js:65:31)","metadata":{"emulator":{"name":"functions"},"function":{"name":"us-central1-api"},"extension":{},"message":"\u001b[90m> \u001b[39m     at NoopTracer.startActiveSpan (C:\\Users\\lab_services_student\\progapi\\functions\\node_modules\\@opentelemetry\\api\\build\\src\\trace\\NoopTracer.js:65:31)"}}
[info] >      at ProxyTracer.startActiveSpan (C:\Users\lab_services_student\progapi\functions\node_modules\@opentelemetry\api\build\src\trace\ProxyTracer.js:36:24) {"user":"    at ProxyTracer.startActiveSpan (C:\\Users\\lab_services_student\\progapi\\functions\\node_modules\\@opentelemetry\\api\\build\\src\\trace\\ProxyTracer.js:36:24)","metadata":{"emulator":{"name":"functions"},"function":{"name":"us-central1-api"},"extension":{},"message":"\u001b[90m> \u001b[39m     at ProxyTracer.startActiveSpan (C:\\Users\\lab_services_student\\progapi\\functions\\node_modules\\@opentelemetry\\api\\build\\src\\trace\\ProxyTracer.js:36:24)"}}
[info] >      at EnabledTraceUtil.startActiveSpan (C:\Users\lab_services_student\progapi\functions\node_modules\@google-cloud\firestore\build\src\telemetry\enabled-trace-util.js:102:28) { {"user":"    at EnabledTraceUtil.startActiveSpan (C:\\Users\\lab_services_student\\progapi\\functions\\node_modules\\@google-cloud\\firestore\\build\\src\\telemetry\\enabled-trace-util.js:102:28) {","metadata":{"emulator":{"name":"functions"},"function":{"name":"us-central1-api"},"extension":{},"message":"\u001b[90m> \u001b[39m     at EnabledTraceUtil.startActiveSpan (C:\\Users\\lab_services_student\\progapi\\functions\\node_modules\\@google-cloud\\firestore\\build\\src\\telemetry\\enabled-trace-util.js:102:28) {"}}
[info] >    code: 5, {"user":"  code: 5,","metadata":{"emulator":{"name":"functions"},"function":{"name":"us-central1-api"},"extension":{},"message":"\u001b[90m> \u001b[39m   code: 5,"}}
[info] >    details: '', {"user":"  details: '',","metadata":{"emulator":{"name":"functions"},"function":{"name":"us-central1-api"},"extension":{},"message":"\u001b[90m> \u001b[39m   details: '',"}}
[info] >    metadata: Metadata { {"user":"  metadata: Metadata {","metadata":{"emulator":{"name":"functions"},"function":{"name":"us-central1-api"},"extension":{},"message":"\u001b[90m> \u001b[39m   metadata: Metadata {"}}
[info] >      internalRepr: Map(1) { 'x-debug-tracking-id' => [Array] }, {"user":"    internalRepr: Map(1) { 'x-debug-tracking-id' => [Array] },","metadata":{"emulator":{"name":"functions"},"function":{"name":"us-central1-api"},"extension":{},"message":"\u001b[90m> \u001b[39m     internalRepr: Map(1) { 'x-debug-tracking-id' => [Array] },"}}
[info] >      options: {} {"user":"    options: {}","metadata":{"emulator":{"name":"functions"},"function":{"name":"us-central1-api"},"extension":{},"message":"\u001b[90m> \u001b[39m     options: {}"}}
[info] >    } {"user":"  }","metadata":{"emulator":{"name":"functions"},"function":{"name":"us-central1-api"},"extension":{},"message":"\u001b[90m> \u001b[39m   }"}}
[info] >  } {"user":"}","metadata":{"emulator":{"name":"functions"},"function":{"name":"us-central1-api"},"extension":{},"message":"\u001b[90m> \u001b[39m }"}}
[debug] [2025-09-08T21:31:43.370Z] Finishing up request with event=pause {"metadata":{"emulator":{"name":"functions"},"function":{"name":"us-central1-api"},"extension":{},"message":"Finishing up request with event=pause"}}
[info] i  functions: Finished "us-central1-api" in 747.8586ms {"metadata":{"emulator":{"name":"functions"},"function":{"name":"us-central1-api"},"extension":{},"message":"Finished \"us-central1-api\" in 747.8586ms"}}
[debug] [2025-09-08T21:31:43.371Z] [worker-us-central1-api-5b321a85-d067-4fee-b457-c05c35cae91a]: IDLE {"metadata":{"emulator":{"name":"functions"},"function":{"name":"us-central1-api"},"extension":{},"message":"[worker-us-central1-api-5b321a85-d067-4fee-b457-c05c35cae91a]: IDLE"}}
[debug] [2025-09-08T21:31:43.371Z] Finishing up request with event=finish {"metadata":{"emulator":{"name":"functions"},"function":{"name":"us-central1-api"},"extension":{},"message":"Finishing up request with event=finish"}}
[debug] [2025-09-08T21:31:43.371Z] Finishing up request with event=close {"metadata":{"emulator":{"name":"functions"},"function":{"name":"us-central1-api"},"extension":{},"message":"Finishing up request with event=close"}}
[debug] [2025-09-08T21:31:43.372Z] [work-queue] {"queuedWork":[],"queueLength":0,"runningWork":[],"workRunningCount":0}
[debug] [2025-09-08T21:34:31.261Z] File C:\Users\lab_services_student\progapi\functions\index.js changed, reloading triggers {"metadata":{"emulator":{"name":"functions"},"message":"File C:\\Users\\lab_services_student\\progapi\\functions\\index.js changed, reloading triggers"}}
[debug] [2025-09-08T21:34:32.265Z] Validating nodejs source
[debug] [2025-09-08T21:34:33.310Z] > [functions] package.json contents: {
  "name": "functions",
  "description": "Cloud Functions for Firebase",
  "scripts": {
    "lint": "eslint .",
    "serve": "firebase emulators:start --only functions",
    "shell": "firebase functions:shell",
    "start": "npm run shell",
    "deploy": "firebase deploy --only functions",
    "logs": "firebase functions:log"
  },
  "engines": {
    "node": "22"
  },
  "main": "index.js",
  "dependencies": {
    "bcryptjs": "^3.0.2",
    "dotenv": "^17.2.2",
    "express": "^5.1.0",
    "firebase-admin": "^12.7.0",
    "firebase-functions": "^6.4.0",
    "jsonwebtoken": "^9.0.2"
  },
  "devDependencies": {
    "eslint": "^8.15.0",
    "eslint-config-google": "^0.14.0",
    "firebase-functions-test": "^3.1.0"
  },
  "private": true,
  "version": "1.0.0",
  "keywords": [],
  "author": "",
  "license": "ISC",
  "type": "commonjs"
}
[debug] [2025-09-08T21:34:33.310Z] Building nodejs source
[debug] [2025-09-08T21:34:33.310Z] Failed to find version of module node: reached end of search path C:\Users\lab_services_student\progapi\functions\node_modules
[warn] !  functions: Your requested "node" version "22" doesn't match your global version "23". Using node@23 from host. 
[info] i  functions: Loaded environment variables from .env. 
[debug] [2025-09-08T21:34:33.313Z] Could not find functions.yaml. Must use http discovery
[debug] [2025-09-08T21:34:33.324Z] Found firebase-functions binary at 'C:\Users\lab_services_student\progapi\functions\node_modules\.bin\firebase-functions'
[info] Serving at port 8848

[info] [dotenv@17.2.2] injecting env (0) from .env -- tip: ðŸ” prevent building .env in docker: https://dotenvx.com/prebuild

[debug] [2025-09-08T21:34:34.206Z] Got response from /__/functions.yaml {"endpoints":{"api":{"availableMemoryMb":null,"timeoutSeconds":null,"minInstances":null,"maxInstances":null,"ingressSettings":null,"concurrency":null,"serviceAccountEmail":null,"vpc":null,"platform":"gcfv2","labels":{},"httpsTrigger":{},"entryPoint":"api"}},"specVersion":"v1alpha1","requiredAPIs":[],"extensions":{}}
[info] +  functions: Loaded functions definitions from source: api. {"metadata":{"emulator":{"name":"functions"},"message":"Loaded functions definitions from source: api."}}
[debug] [2025-09-08T21:34:38.247Z] [worker-pool] Shutting down IDLE worker (us-central1-api) {"metadata":{"emulator":{"name":"functions"},"message":"[worker-pool] Shutting down IDLE worker (us-central1-api)"}}
[debug] [2025-09-08T21:34:38.247Z] [worker-us-central1-api-5b321a85-d067-4fee-b457-c05c35cae91a]: FINISHING {"metadata":{"emulator":{"name":"functions"},"function":{"name":"us-central1-api"},"extension":{},"message":"[worker-us-central1-api-5b321a85-d067-4fee-b457-c05c35cae91a]: FINISHING"}}
[debug] [2025-09-08T21:34:38.270Z] [worker-us-central1-api-5b321a85-d067-4fee-b457-c05c35cae91a]: exited {"metadata":{"emulator":{"name":"functions"},"function":{"name":"us-central1-api"},"extension":{},"message":"[worker-us-central1-api-5b321a85-d067-4fee-b457-c05c35cae91a]: exited"}}
[debug] [2025-09-08T21:34:38.271Z] [worker-us-central1-api-5b321a85-d067-4fee-b457-c05c35cae91a]: FINISHED {"metadata":{"emulator":{"name":"functions"},"function":{"name":"us-central1-api"},"extension":{},"message":"[worker-us-central1-api-5b321a85-d067-4fee-b457-c05c35cae91a]: FINISHED"}}
[debug] [2025-09-08T21:34:47.869Z] [work-queue] {"queuedWork":["/progapi-33199/us-central1/api/api/register-2025-09-08T21:34:47.869Z"],"queueLength":1,"runningWork":[],"workRunningCount":0}
[debug] [2025-09-08T21:34:47.870Z] [work-queue] {"queuedWork":[],"queueLength":0,"runningWork":["/progapi-33199/us-central1/api/api/register-2025-09-08T21:34:47.869Z"],"workRunningCount":1}
[debug] [2025-09-08T21:34:47.870Z] Accepted request POST /progapi-33199/us-central1/api/api/register --> us-central1-api
[debug] [2025-09-08T21:34:47.873Z] [functions] Runtime ready! Sending request! {"metadata":{"emulator":{"name":"functions"},"message":"[functions] Runtime ready! Sending request!"}}
[debug] [2025-09-08T21:34:47.873Z] [functions] Got req.url=/progapi-33199/us-central1/api/api/register, mapping to path=/api/register {"metadata":{"emulator":{"name":"functions"},"message":"[functions] Got req.url=/progapi-33199/us-central1/api/api/register, mapping to path=/api/register"}}
[debug] [2025-09-08T21:34:47.873Z] [worker-pool] Cleaned up workers for us-central1-api: 1 --> 0 {"metadata":{"emulator":{"name":"functions"},"message":"[worker-pool] Cleaned up workers for us-central1-api: 1 --> 0"}}
[info] i  functions: Loaded environment variables from .env. 
[debug] [2025-09-08T21:34:47.882Z] [worker-pool] addWorker(us-central1-api) {"metadata":{"emulator":{"name":"functions"},"message":"[worker-pool] addWorker(us-central1-api)"}}
[debug] [2025-09-08T21:34:47.882Z] [worker-pool] Adding worker with key us-central1-api, total=1 {"metadata":{"emulator":{"name":"functions"},"message":"[worker-pool] Adding worker with key us-central1-api, total=1"}}
[info] >  (node:8512) [DEP0040] DeprecationWarning: The `punycode` module is deprecated. Please use a userland alternative instead. {"user":"(node:8512) [DEP0040] DeprecationWarning: The `punycode` module is deprecated. Please use a userland alternative instead.","metadata":{"emulator":{"name":"functions"},"function":{"name":"us-central1-api"},"extension":{},"message":"\u001b[90m> \u001b[39m (node:8512) [DEP0040] DeprecationWarning: The `punycode` module is deprecated. Please use a userland alternative instead."}}
[info] >  (Use `node --trace-deprecation ...` to show where the warning was created) {"user":"(Use `node --trace-deprecation ...` to show where the warning was created)","metadata":{"emulator":{"name":"functions"},"function":{"name":"us-central1-api"},"extension":{},"message":"\u001b[90m> \u001b[39m (Use `node --trace-deprecation ...` to show where the warning was created)"}}
[debug] [2025-09-08T21:34:49.394Z] [runtime-status] [8512] Resolved module firebase-admin {"declared":true,"installed":true,"version":"12.7.0","resolution":"C:\\Users\\lab_services_student\\progapi\\functions\\node_modules\\firebase-admin\\lib\\index.js"} {"metadata":{"emulator":{"name":"functions"},"function":{"name":"us-central1-api"},"extension":{},"message":"[runtime-status] [8512] Resolved module firebase-admin {\"declared\":true,\"installed\":true,\"version\":\"12.7.0\",\"resolution\":\"C:\\\\Users\\\\lab_services_student\\\\progapi\\\\functions\\\\node_modules\\\\firebase-admin\\\\lib\\\\index.js\"}"}}
[debug] [2025-09-08T21:34:49.399Z] [runtime-status] [8512] Resolved module firebase-functions {"declared":true,"installed":true,"version":"6.4.0","resolution":"C:\\Users\\lab_services_student\\progapi\\functions\\node_modules\\firebase-functions\\lib\\v2\\index.js"} {"metadata":{"emulator":{"name":"functions"},"function":{"name":"us-central1-api"},"extension":{},"message":"[runtime-status] [8512] Resolved module firebase-functions {\"declared\":true,\"installed\":true,\"version\":\"6.4.0\",\"resolution\":\"C:\\\\Users\\\\lab_services_student\\\\progapi\\\\functions\\\\node_modules\\\\firebase-functions\\\\lib\\\\v2\\\\index.js\"}"}}
[debug] [2025-09-08T21:34:49.402Z] [runtime-status] [8512] Outgoing network have been stubbed. [{"name":"http","status":"mocked"},{"name":"http","status":"mocked"},{"name":"https","status":"mocked"},{"name":"https","status":"mocked"},{"name":"net","status":"mocked"}] {"metadata":{"emulator":{"name":"functions"},"function":{"name":"us-central1-api"},"extension":{},"message":"[runtime-status] [8512] Outgoing network have been stubbed. [{\"name\":\"http\",\"status\":\"mocked\"},{\"name\":\"http\",\"status\":\"mocked\"},{\"name\":\"https\",\"status\":\"mocked\"},{\"name\":\"https\",\"status\":\"mocked\"},{\"name\":\"net\",\"status\":\"mocked\"}]"}}
[debug] [2025-09-08T21:34:49.403Z] [runtime-status] [8512] Resolved module firebase-functions {"declared":true,"installed":true,"version":"6.4.0","resolution":"C:\\Users\\lab_services_student\\progapi\\functions\\node_modules\\firebase-functions\\lib\\v2\\index.js"} {"metadata":{"emulator":{"name":"functions"},"function":{"name":"us-central1-api"},"extension":{},"message":"[runtime-status] [8512] Resolved module firebase-functions {\"declared\":true,\"installed\":true,\"version\":\"6.4.0\",\"resolution\":\"C:\\\\Users\\\\lab_services_student\\\\progapi\\\\functions\\\\node_modules\\\\firebase-functions\\\\lib\\\\v2\\\\index.js\"}"}}
[debug] [2025-09-08T21:34:49.810Z] [runtime-status] [8512] Checked functions.config() {"config":{}} {"metadata":{"emulator":{"name":"functions"},"function":{"name":"us-central1-api"},"extension":{},"message":"[runtime-status] [8512] Checked functions.config() {\"config\":{}}"}}
[debug] [2025-09-08T21:34:49.810Z] [runtime-status] [8512] firebase-functions has been stubbed. {"functionsResolution":{"declared":true,"installed":true,"version":"6.4.0","resolution":"C:\\Users\\lab_services_student\\progapi\\functions\\node_modules\\firebase-functions\\lib\\v2\\index.js"}} {"metadata":{"emulator":{"name":"functions"},"function":{"name":"us-central1-api"},"extension":{},"message":"[runtime-status] [8512] firebase-functions has been stubbed. {\"functionsResolution\":{\"declared\":true,\"installed\":true,\"version\":\"6.4.0\",\"resolution\":\"C:\\\\Users\\\\lab_services_student\\\\progapi\\\\functions\\\\node_modules\\\\firebase-functions\\\\lib\\\\v2\\\\index.js\"}}"}}
[debug] [2025-09-08T21:34:49.811Z] [runtime-status] [8512] Resolved module firebase-functions {"declared":true,"installed":true,"version":"6.4.0","resolution":"C:\\Users\\lab_services_student\\progapi\\functions\\node_modules\\firebase-functions\\lib\\v2\\index.js"} {"metadata":{"emulator":{"name":"functions"},"function":{"name":"us-central1-api"},"extension":{},"message":"[runtime-status] [8512] Resolved module firebase-functions {\"declared\":true,\"installed\":true,\"version\":\"6.4.0\",\"resolution\":\"C:\\\\Users\\\\lab_services_student\\\\progapi\\\\functions\\\\node_modules\\\\firebase-functions\\\\lib\\\\v2\\\\index.js\"}"}}
[debug] [2025-09-08T21:34:49.816Z] [runtime-status] [8512] Resolved module firebase-admin {"declared":true,"installed":true,"version":"12.7.0","resolution":"C:\\Users\\lab_services_student\\progapi\\functions\\node_modules\\firebase-admin\\lib\\index.js"} {"metadata":{"emulator":{"name":"functions"},"function":{"name":"us-central1-api"},"extension":{},"message":"[runtime-status] [8512] Resolved module firebase-admin {\"declared\":true,\"installed\":true,\"version\":\"12.7.0\",\"resolution\":\"C:\\\\Users\\\\lab_services_student\\\\progapi\\\\functions\\\\node_modules\\\\firebase-admin\\\\lib\\\\index.js\"}"}}
[debug] [2025-09-08T21:34:49.819Z] [runtime-status] [8512] Resolved module firebase-functions {"declared":true,"installed":true,"version":"6.4.0","resolution":"C:\\Users\\lab_services_student\\progapi\\functions\\node_modules\\firebase-functions\\lib\\v2\\index.js"} {"metadata":{"emulator":{"name":"functions"},"function":{"name":"us-central1-api"},"extension":{},"message":"[runtime-status] [8512] Resolved module firebase-functions {\"declared\":true,\"installed\":true,\"version\":\"6.4.0\",\"resolution\":\"C:\\\\Users\\\\lab_services_student\\\\progapi\\\\functions\\\\node_modules\\\\firebase-functions\\\\lib\\\\v2\\\\index.js\"}"}}
[debug] [2025-09-08T21:34:49.819Z] [runtime-status] [8512] firebase-admin has been stubbed. {"adminResolution":{"declared":true,"installed":true,"version":"12.7.0","resolution":"C:\\Users\\lab_services_student\\progapi\\functions\\node_modules\\firebase-admin\\lib\\index.js"}} {"metadata":{"emulator":{"name":"functions"},"function":{"name":"us-central1-api"},"extension":{},"message":"[runtime-status] [8512] firebase-admin has been stubbed. {\"adminResolution\":{\"declared\":true,\"installed\":true,\"version\":\"12.7.0\",\"resolution\":\"C:\\\\Users\\\\lab_services_student\\\\progapi\\\\functions\\\\node_modules\\\\firebase-admin\\\\lib\\\\index.js\"}}"}}
[info] >  [dotenv@17.2.2] injecting env (0) from .env -- tip: ðŸ› ï¸  run anywhere with `dotenvx run -- yourcommand` {"user":"[dotenv@17.2.2] injecting env (0) from .env -- tip: ðŸ› ï¸  run anywhere with `dotenvx run -- yourcommand`","metadata":{"emulator":{"name":"functions"},"function":{"name":"us-central1-api"},"extension":{},"message":"\u001b[90m> \u001b[39m [dotenv@17.2.2] injecting env (0) from .env -- tip: ðŸ› ï¸  run anywhere with `dotenvx run -- yourcommand`"}}
[debug] [2025-09-08T21:34:49.980Z] [runtime-status] [8512] initializeApp(DEFAULT) {"storageBucket":"progapi-33199.firebasestorage.app","projectId":"progapi-33199"} {"metadata":{"emulator":{"name":"functions"},"function":{"name":"us-central1-api"},"extension":{},"message":"[runtime-status] [8512] initializeApp(DEFAULT) {\"storageBucket\":\"progapi-33199.firebasestorage.app\",\"projectId\":\"progapi-33199\"}"}}
[debug] [2025-09-08T21:34:49.997Z] [runtime-status] [8512] Functions runtime initialized. {"cwd":"C:\\Users\\lab_services_student\\progapi\\functions","node_version":"23.6.1"} {"metadata":{"emulator":{"name":"functions"},"function":{"name":"us-central1-api"},"extension":{},"message":"[runtime-status] [8512] Functions runtime initialized. {\"cwd\":\"C:\\\\Users\\\\lab_services_student\\\\progapi\\\\functions\",\"node_version\":\"23.6.1\"}"}}
[debug] [2025-09-08T21:34:49.997Z] [runtime-status] [8512] Listening to port: \\?\pipe\fire_emu_5aa4997de0286a3a {"metadata":{"emulator":{"name":"functions"},"function":{"name":"us-central1-api"},"extension":{},"message":"[runtime-status] [8512] Listening to port: \\\\?\\pipe\\fire_emu_5aa4997de0286a3a"}}
[debug] [2025-09-08T21:34:50.109Z] [worker-us-central1-api-46d27f3b-897b-4485-bb71-973f1b47b869]: IDLE {"metadata":{"emulator":{"name":"functions"},"function":{"name":"us-central1-api"},"extension":{},"message":"[worker-us-central1-api-46d27f3b-897b-4485-bb71-973f1b47b869]: IDLE"}}
[debug] [2025-09-08T21:34:50.109Z] [worker-pool] submitRequest(triggerId=us-central1-api) {"metadata":{"emulator":{"name":"functions"},"message":"[worker-pool] submitRequest(triggerId=us-central1-api)"}}
[info] i  functions: Beginning execution of "us-central1-api" {"metadata":{"emulator":{"name":"functions"},"function":{"name":"us-central1-api"},"extension":{},"message":"Beginning execution of \"us-central1-api\""}}
[debug] [2025-09-08T21:34:50.110Z] [worker-us-central1-api-46d27f3b-897b-4485-bb71-973f1b47b869]: BUSY {"metadata":{"emulator":{"name":"functions"},"function":{"name":"us-central1-api"},"extension":{},"message":"[worker-us-central1-api-46d27f3b-897b-4485-bb71-973f1b47b869]: BUSY"}}
[debug] [2025-09-08T21:34:51.789Z] Finishing up request with event=pause {"metadata":{"emulator":{"name":"functions"},"function":{"name":"us-central1-api"},"extension":{},"message":"Finishing up request with event=pause"}}
[info] i  functions: Finished "us-central1-api" in 1678.9196ms {"metadata":{"emulator":{"name":"functions"},"function":{"name":"us-central1-api"},"extension":{},"message":"Finished \"us-central1-api\" in 1678.9196ms"}}
[debug] [2025-09-08T21:34:51.790Z] [worker-us-central1-api-46d27f3b-897b-4485-bb71-973f1b47b869]: IDLE {"metadata":{"emulator":{"name":"functions"},"function":{"name":"us-central1-api"},"extension":{},"message":"[worker-us-central1-api-46d27f3b-897b-4485-bb71-973f1b47b869]: IDLE"}}
[debug] [2025-09-08T21:34:51.790Z] Finishing up request with event=finish {"metadata":{"emulator":{"name":"functions"},"function":{"name":"us-central1-api"},"extension":{},"message":"Finishing up request with event=finish"}}
[debug] [2025-09-08T21:34:51.791Z] Finishing up request with event=close {"metadata":{"emulator":{"name":"functions"},"function":{"name":"us-central1-api"},"extension":{},"message":"Finishing up request with event=close"}}
[debug] [2025-09-08T21:34:51.791Z] [work-queue] {"queuedWork":[],"queueLength":0,"runningWork":[],"workRunningCount":0}
[debug] [2025-09-08T21:35:58.619Z] [work-queue] {"queuedWork":["/progapi-33199/us-central1/api/api/login-2025-09-08T21:35:58.619Z"],"queueLength":1,"runningWork":[],"workRunningCount":0}
[debug] [2025-09-08T21:35:58.619Z] [work-queue] {"queuedWork":[],"queueLength":0,"runningWork":["/progapi-33199/us-central1/api/api/login-2025-09-08T21:35:58.619Z"],"workRunningCount":1}
[debug] [2025-09-08T21:35:58.619Z] Accepted request POST /progapi-33199/us-central1/api/api/login --> us-central1-api
[debug] [2025-09-08T21:35:58.622Z] [functions] Runtime ready! Sending request! {"metadata":{"emulator":{"name":"functions"},"message":"[functions] Runtime ready! Sending request!"}}
[debug] [2025-09-08T21:35:58.623Z] [functions] Got req.url=/progapi-33199/us-central1/api/api/login, mapping to path=/api/login {"metadata":{"emulator":{"name":"functions"},"message":"[functions] Got req.url=/progapi-33199/us-central1/api/api/login, mapping to path=/api/login"}}
[debug] [2025-09-08T21:35:58.623Z] [worker-pool] submitRequest(triggerId=us-central1-api) {"metadata":{"emulator":{"name":"functions"},"message":"[worker-pool] submitRequest(triggerId=us-central1-api)"}}
[info] i  functions: Beginning execution of "us-central1-api" {"metadata":{"emulator":{"name":"functions"},"function":{"name":"us-central1-api"},"extension":{},"message":"Beginning execution of \"us-central1-api\""}}
[debug] [2025-09-08T21:35:58.624Z] [worker-us-central1-api-46d27f3b-897b-4485-bb71-973f1b47b869]: BUSY {"metadata":{"emulator":{"name":"functions"},"function":{"name":"us-central1-api"},"extension":{},"message":"[worker-us-central1-api-46d27f3b-897b-4485-bb71-973f1b47b869]: BUSY"}}
[debug] [2025-09-08T21:35:58.753Z] Finishing up request with event=pause {"metadata":{"emulator":{"name":"functions"},"function":{"name":"us-central1-api"},"extension":{},"message":"Finishing up request with event=pause"}}
[info] i  functions: Finished "us-central1-api" in 129.6965ms {"metadata":{"emulator":{"name":"functions"},"function":{"name":"us-central1-api"},"extension":{},"message":"Finished \"us-central1-api\" in 129.6965ms"}}
[debug] [2025-09-08T21:35:58.754Z] [worker-us-central1-api-46d27f3b-897b-4485-bb71-973f1b47b869]: IDLE {"metadata":{"emulator":{"name":"functions"},"function":{"name":"us-central1-api"},"extension":{},"message":"[worker-us-central1-api-46d27f3b-897b-4485-bb71-973f1b47b869]: IDLE"}}
[debug] [2025-09-08T21:35:58.754Z] Finishing up request with event=finish {"metadata":{"emulator":{"name":"functions"},"function":{"name":"us-central1-api"},"extension":{},"message":"Finishing up request with event=finish"}}
[debug] [2025-09-08T21:35:58.755Z] Finishing up request with event=close {"metadata":{"emulator":{"name":"functions"},"function":{"name":"us-central1-api"},"extension":{},"message":"Finishing up request with event=close"}}
[debug] [2025-09-08T21:35:58.755Z] [work-queue] {"queuedWork":[],"queueLength":0,"runningWork":[],"workRunningCount":0}
